<?xml version="1.0" encoding="UTF-8"?>
<!-- Generated by org.testng.reporters.JUnitXMLReporter -->
<testsuite hostname="DIN16002798" ignored="0" tests="4" failures="0" timestamp="04 Jan 2017 06:38:16 GMT" time="0.204" errors="0">
  <testcase name="@BeforeClass setup" time="0.0" classname="Testclass">
    <failure type="org.openqa.selenium.WebDriverException" message="Cannot find firefox binary in PATH. Make sure firefox is installed. OS appears to be: VISTA
Build info: version: &amp;apos;3.0.1&amp;apos;, revision: &amp;apos;1969d75&amp;apos;, time: &amp;apos;2016-10-18 09:48:19 -0700&amp;apos;
System info: host: &amp;apos;DIN16002798&amp;apos;, ip: &amp;apos;10.76.166.105&amp;apos;, os.name: &amp;apos;Windows 7&amp;apos;, os.arch: &amp;apos;amd64&amp;apos;, os.version: &amp;apos;6.1&amp;apos;, java.version: &amp;apos;1.8.0_111&amp;apos;
Driver info: driver.version: FirefoxDriver">
      <![CDATA[org.openqa.selenium.WebDriverException: Cannot find firefox binary in PATH. Make sure firefox is installed. OS appears to be: VISTA
Build info: version: '3.0.1', revision: '1969d75', time: '2016-10-18 09:48:19 -0700'
System info: host: 'DIN16002798', ip: '10.76.166.105', os.name: 'Windows 7', os.arch: 'amd64', os.version: '6.1', java.version: '1.8.0_111'
Driver info: driver.version: FirefoxDriver
	at org.openqa.selenium.firefox.internal.Executable.<init>(Executable.java:75)
	at org.openqa.selenium.firefox.FirefoxBinary.<init>(FirefoxBinary.java:60)
	at org.openqa.selenium.firefox.FirefoxBinary.<init>(FirefoxBinary.java:56)
	at org.openqa.selenium.firefox.FirefoxDriver.<init>(FirefoxDriver.java:127)
	at Testclass.setup(Testclass.java:30)
... Removed 25 stack frames]]>
    </failure>
  </testcase> <!-- @BeforeClass setup -->
  <testcase name="@AfterClass teardown" time="0.0" classname="Testclass">
    <skipped/>
  </testcase> <!-- @AfterClass teardown -->
  <testcase name="Testcase1" time="0.003" classname="Testclass">
    <skipped/>
  </testcase> <!-- Testcase1 -->
  <testcase name="Testcase2" time="0.001" classname="Testclass">
    <skipped/>
  </testcase> <!-- Testcase2 -->
  <testcase name="Testcase3" time="0.002" classname="Testclass">
    <skipped/>
  </testcase> <!-- Testcase3 -->
  <testcase name="Testcase4" time="0.001" classname="Testclass">
    <skipped/>
  </testcase> <!-- Testcase4 -->
</testsuite>
