<?xml version="1.0" encoding="UTF-8"?>
<testng-results skipped="0" failed="1" ignored="0" total="1" passed="0">
  <reporter-output>
  </reporter-output>
  <suite name="Default suite" duration-ms="13441" started-at="2017-01-05T05:37:04Z" finished-at="2017-01-05T05:37:18Z">
    <groups>
    </groups>
    <test name="Default test" duration-ms="13441" started-at="2017-01-05T05:37:04Z" finished-at="2017-01-05T05:37:18Z">
      <class name="TestLocalRun">
        <test-method status="PASS" signature="setUp()[pri:0, instance:TestLocalRun@1810399e]" name="setUp" is-config="true" duration-ms="8160" started-at="2017-01-05T11:07:04Z" finished-at="2017-01-05T11:07:13Z">
          <reporter-output>
          </reporter-output>
        </test-method> <!-- setUp -->
        <test-method status="FAIL" signature="testGoogleSearch()[pri:0, instance:TestLocalRun@1810399e]" name="testGoogleSearch" duration-ms="1931" started-at="2017-01-05T11:07:13Z" finished-at="2017-01-05T11:07:15Z">
          <exception class="java.lang.AssertionError">
            <message>
              <![CDATA[expected [Google] but found [Google45]]]>
            </message>
            <full-stacktrace>
              <![CDATA[java.lang.AssertionError: expected [Google] but found [Google45]
	at org.testng.Assert.fail(Assert.java:94)
	at org.testng.Assert.failNotEquals(Assert.java:513)
	at org.testng.Assert.assertEqualsImpl(Assert.java:135)
	at org.testng.Assert.assertEquals(Assert.java:116)
	at org.testng.Assert.assertEquals(Assert.java:190)
	at org.testng.Assert.assertEquals(Assert.java:200)
	at TestLocalRun.testGoogleSearch(TestLocalRun.java:35)
	at sun.reflect.NativeMethodAccessorImpl.invoke0(Native Method)
	at sun.reflect.NativeMethodAccessorImpl.invoke(Unknown Source)
	at sun.reflect.DelegatingMethodAccessorImpl.invoke(Unknown Source)
	at java.lang.reflect.Method.invoke(Unknown Source)
	at org.testng.internal.MethodInvocationHelper.invokeMethod(MethodInvocationHelper.java:104)
	at org.testng.internal.Invoker.invokeMethod(Invoker.java:645)
	at org.testng.internal.Invoker.invokeTestMethod(Invoker.java:851)
	at org.testng.internal.Invoker.invokeTestMethods(Invoker.java:1177)
	at org.testng.internal.TestMethodWorker.invokeTestMethods(TestMethodWorker.java:129)
	at org.testng.internal.TestMethodWorker.run(TestMethodWorker.java:112)
	at org.testng.TestRunner.privateRun(TestRunner.java:756)
	at org.testng.TestRunner.run(TestRunner.java:610)
	at org.testng.SuiteRunner.runTest(SuiteRunner.java:387)
	at org.testng.SuiteRunner.runSequentially(SuiteRunner.java:382)
	at org.testng.SuiteRunner.privateRun(SuiteRunner.java:340)
	at org.testng.SuiteRunner.run(SuiteRunner.java:289)
	at org.testng.SuiteRunnerWorker.runSuite(SuiteRunnerWorker.java:52)
	at org.testng.SuiteRunnerWorker.run(SuiteRunnerWorker.java:86)
	at org.testng.TestNG.runSuitesSequentially(TestNG.java:1293)
	at org.testng.TestNG.runSuitesLocally(TestNG.java:1218)
	at org.testng.TestNG.runSuites(TestNG.java:1133)
	at org.testng.TestNG.run(TestNG.java:1104)
	at org.testng.remote.AbstractRemoteTestNG.run(AbstractRemoteTestNG.java:132)
	at org.testng.remote.RemoteTestNG.initAndRun(RemoteTestNG.java:236)
	at org.testng.remote.RemoteTestNG.main(RemoteTestNG.java:81)
]]>
            </full-stacktrace>
          </exception> <!-- java.lang.AssertionError -->
          <reporter-output>
          </reporter-output>
        </test-method> <!-- testGoogleSearch -->
        <test-method status="PASS" signature="tearDown()[pri:0, instance:TestLocalRun@1810399e]" name="tearDown" is-config="true" duration-ms="3330" started-at="2017-01-05T11:07:15Z" finished-at="2017-01-05T11:07:18Z">
          <reporter-output>
          </reporter-output>
        </test-method> <!-- tearDown -->
      </class> <!-- TestLocalRun -->
    </test> <!-- Default test -->
  </suite> <!-- Default suite -->
</testng-results>
